
/home/runner/work/exp-genetic-expression-programming-iitkgp/exp-genetic-expression-programming-iitkgp/experiment/simulation/js/gep.js
   29:7   warning  'GENERATIONS' is assigned a value but never used  no-unused-vars
   32:7   warning  'CHROM_LEN' is assigned a value but never used    no-unused-vars
   38:10  warning  'randomChromosome' is defined but never used      no-unused-vars
   96:10  warning  'select' is defined but never used                no-unused-vars
  104:10  warning  'mutate' is defined but never used                no-unused-vars

/home/runner/work/exp-genetic-expression-programming-iitkgp/exp-genetic-expression-programming-iitkgp/experiment/simulation/js/main.js
   11:7   warning  'GENE_SIZE' is assigned a value but never used  no-unused-vars
  104:7   warning  'result' is assigned a value but never used     no-unused-vars
  116:10  warning  'showgene1' is defined but never used           no-unused-vars
  125:10  warning  'showgene2' is defined but never used           no-unused-vars

/home/runner/work/exp-genetic-expression-programming-iitkgp/exp-genetic-expression-programming-iitkgp/experiment/simulation/js/usermain.js
   4:24  warning  'CHROM_LEN' is not defined          no-undef
   6:36  warning  'CHROM_LEN' is not defined          no-undef
  11:23  warning  'HEAD_LEN' is not defined           no-undef
  12:23  warning  'FUNCTIONS' is not defined          no-undef
  12:38  warning  'TERMINALS' is not defined          no-undef
  18:16  warning  'HEAD_LEN' is not defined           no-undef
  18:30  warning  'CHROM_LEN' is not defined          no-undef
  19:10  warning  'TERMINALS' is not defined          no-undef
  32:10  warning  'runGEP' is defined but never used  no-unused-vars
  46:34  warning  'POP_SIZE' is not defined           no-undef
  47:25  warning  'randomChromosome' is not defined   no-undef
  55:39  warning  'POP_SIZE' is not defined           no-undef
  55:51  warning  'randomChromosome' is not defined   no-undef
  58:27  warning  'GENERATIONS' is not defined        no-undef
  61:7   warning  'fitness' is not defined            no-undef
  61:20  warning  'fitness' is not defined            no-undef
  64:9   warning  'fitness' is not defined            no-undef
  66:20  warning  'select' is not defined             no-undef
  69:29  warning  'POP_SIZE' is not defined           no-undef
  70:20  warning  'rand' is not defined               no-undef
  71:20  warning  'mutate' is not defined             no-undef
  78:5   warning  'fitness' is not defined            no-undef
  78:18  warning  'fitness' is not defined            no-undef
  83:21  warning  'fitness' is not defined            no-undef

✖ 33 problems (0 errors, 33 warnings)

